[INFO ] 2018-11-21 18:45:12,396 com.webtest.utils.Log - Using Firefox
[INFO ] 2018-11-21 18:45:12,439 com.webtest.utils.Log - firefox
[INFO ] 2018-11-21 18:45:15,916 com.webtest.utils.Log - Opened url http://localhost:8032/MyMovie/admin.php/Login/index.html
[INFO ] 2018-11-21 18:45:15,916 com.webtest.utils.Log - Opened url ERROR
[INFO ] 2018-11-21 18:45:19,944 com.webtest.utils.Log - Opened url http://localhost:8032/MyMovie/admin.php/Login/index.html
[INFO ] 2018-11-21 18:45:19,944 com.webtest.utils.Log - Opened url ERROR
[ERROR] 2018-11-21 18:45:20,260 com.webtest.utils.Log - com.webtest.demo.Admin_Login@47db50c5-testloginfail运行失败，需要截屏
[ERROR] 2018-11-21 18:45:20,344 com.webtest.utils.Log - com.webtest.demo.Admin_Login@47db50c5-testloginfail运行失败，发送邮件
[INFO ] 2018-11-21 18:45:21,480 com.webtest.utils.Log - Quitted Browser
[INFO ] 2018-11-21 18:59:30,516 com.webtest.utils.Log - Using Firefox
[INFO ] 2018-11-21 18:59:30,555 com.webtest.utils.Log - firefox
[INFO ] 2018-11-21 18:59:34,177 com.webtest.utils.Log - Opened url http://localhost:8032/MyMovie/admin.php/Login/index.html
[INFO ] 2018-11-21 18:59:34,177 com.webtest.utils.Log - Opened url ERROR
[INFO ] 2018-11-21 18:59:38,204 com.webtest.utils.Log - Opened url http://localhost:8032/MyMovie/admin.php/Login/index.html
[INFO ] 2018-11-21 18:59:38,204 com.webtest.utils.Log - Opened url ERROR
[ERROR] 2018-11-21 18:59:38,501 com.webtest.utils.Log - com.webtest.demo.Admin_Login@47db50c5-testloginfail运行失败，需要截屏
[ERROR] 2018-11-21 18:59:38,587 com.webtest.utils.Log - com.webtest.demo.Admin_Login@47db50c5-testloginfail运行失败，发送邮件
[INFO ] 2018-11-21 18:59:50,819 com.webtest.utils.Log - Quitted Browser
[INFO ] 2018-11-21 19:28:29,470 com.webtest.utils.Log - Using Firefox
[INFO ] 2018-11-21 19:28:29,509 com.webtest.utils.Log - firefox
[INFO ] 2018-11-21 19:28:32,977 com.webtest.utils.Log - Opened url http://localhost:8032/MyMovie/admin.php/Login/index.html
[INFO ] 2018-11-21 19:28:32,978 com.webtest.utils.Log - Opened url ERROR
[INFO ] 2018-11-21 19:28:37,058 com.webtest.utils.Log - Opened url http://localhost:8032/MyMovie/admin.php/Login/index.html
[INFO ] 2018-11-21 19:28:37,058 com.webtest.utils.Log - Opened url ERROR
[ERROR] 2018-11-21 19:28:37,399 com.webtest.utils.Log - com.webtest.demo.Admin_Login@47db50c5-testloginfail运行失败，需要截屏
[ERROR] 2018-11-21 19:28:37,478 com.webtest.utils.Log - com.webtest.demo.Admin_Login@47db50c5-testloginfail运行失败，发送邮件
[INFO ] 2018-11-21 19:28:38,833 com.webtest.utils.Log - Quitted Browser
[INFO ] 2018-11-21 19:41:40,235 com.webtest.utils.Log - Using Firefox
[INFO ] 2018-11-21 19:41:40,272 com.webtest.utils.Log - firefox
[INFO ] 2018-11-21 19:41:43,760 com.webtest.utils.Log - Opened url http://localhost:8032/MyMovie/admin.php/Login/index.html
[INFO ] 2018-11-21 19:41:43,762 com.webtest.utils.Log - Opened url ERROR
[INFO ] 2018-11-21 19:41:47,878 com.webtest.utils.Log - Opened url http://localhost:8032/MyMovie/admin.php/Login/index.html
[INFO ] 2018-11-21 19:41:47,879 com.webtest.utils.Log - Opened url ERROR
[ERROR] 2018-11-21 19:41:48,238 com.webtest.utils.Log - com.webtest.demo.Admin_Login@47db50c5-testloginfail运行失败，需要截屏
[ERROR] 2018-11-21 19:41:48,322 com.webtest.utils.Log - com.webtest.demo.Admin_Login@47db50c5-testloginfail运行失败，发送邮件
[INFO ] 2018-11-21 19:42:02,300 com.webtest.utils.Log - Quitted Browser
[INFO ] 2018-11-21 20:10:40,431 com.webtest.utils.Log - Using Firefox
[INFO ] 2018-11-21 20:15:10,916 com.webtest.utils.Log - Using Firefox
[INFO ] 2018-11-21 20:15:10,958 com.webtest.utils.Log - firefox
[INFO ] 2018-11-21 20:15:14,441 com.webtest.utils.Log - Opened url http://localhost:8032/MyMovie/admin.php/Login/index.html
[INFO ] 2018-11-21 20:15:14,441 com.webtest.utils.Log - Opened url ERROR
[INFO ] 2018-11-21 20:15:18,502 com.webtest.utils.Log - Opened url http://localhost:8032/MyMovie/admin.php/Login/index.html
[INFO ] 2018-11-21 20:15:18,502 com.webtest.utils.Log - Opened url ERROR
[ERROR] 2018-11-21 20:15:18,816 com.webtest.utils.Log - com.webtest.demo.Admin_Login@47db50c5-testloginfail运行失败，需要截屏
[ERROR] 2018-11-21 20:15:18,900 com.webtest.utils.Log - com.webtest.demo.Admin_Login@47db50c5-testloginfail运行失败，发送邮件
[INFO ] 2018-11-21 20:15:31,137 com.webtest.utils.Log - Quitted Browser
[INFO ] 2018-11-21 20:33:35,580 com.webtest.utils.Log - Using Firefox
[INFO ] 2018-11-21 20:37:44,967 com.webtest.utils.Log - Using Firefox
[INFO ] 2018-11-21 20:37:45,018 com.webtest.utils.Log - firefox
[INFO ] 2018-11-21 20:37:48,516 com.webtest.utils.Log - Opened url http://localhost:8032/MyMovie/admin.php/Login/index.html
[INFO ] 2018-11-21 20:37:48,516 com.webtest.utils.Log - Opened url ERROR
[INFO ] 2018-11-21 20:37:52,500 com.webtest.utils.Log - Opened url http://localhost:8032/MyMovie/admin.php/Login/index.html
[INFO ] 2018-11-21 20:37:52,500 com.webtest.utils.Log - Opened url ERROR
[ERROR] 2018-11-21 20:37:52,904 com.webtest.utils.Log - com.webtest.demo.Admin_Login@47db50c5-testloginfail运行失败，需要截屏
[ERROR] 2018-11-21 20:37:52,980 com.webtest.utils.Log - com.webtest.demo.Admin_Login@47db50c5-testloginfail运行失败，发送邮件
[INFO ] 2018-11-21 20:37:54,917 com.webtest.utils.Log - Quitted Browser
[INFO ] 2018-11-21 20:39:11,882 com.webtest.utils.Log - Using Firefox
[INFO ] 2018-11-21 20:39:11,918 com.webtest.utils.Log - firefox
[INFO ] 2018-11-21 20:39:15,385 com.webtest.utils.Log - Opened url http://localhost:8032/MyMovie/admin.php/Login/index.html
[INFO ] 2018-11-21 20:39:15,386 com.webtest.utils.Log - Opened url ERROR
[INFO ] 2018-11-21 20:39:19,569 com.webtest.utils.Log - Opened url http://localhost:8032/MyMovie/admin.php/Login/index.html
[INFO ] 2018-11-21 20:39:19,572 com.webtest.utils.Log - Opened url ERROR
[ERROR] 2018-11-21 20:39:19,927 com.webtest.utils.Log - com.webtest.demo.Admin_Login@47db50c5-testloginfail运行失败，需要截屏
[ERROR] 2018-11-21 20:39:19,998 com.webtest.utils.Log - com.webtest.demo.Admin_Login@47db50c5-testloginfail运行失败，发送邮件
[INFO ] 2018-11-21 20:39:32,510 com.webtest.utils.Log - Quitted Browser
[INFO ] 2018-11-22 19:52:53,258 com.webtest.utils.Log - Using Firefox
[INFO ] 2018-11-22 19:52:53,364 com.webtest.utils.Log - firefox
[INFO ] 2018-11-22 19:52:56,954 com.webtest.utils.Log - Opened url http://localhost:8032/MyMovie/admin.php/Login/index.html
[INFO ] 2018-11-22 19:52:56,954 com.webtest.utils.Log - Opened url ERROR
[INFO ] 2018-11-22 19:53:01,141 com.webtest.utils.Log - Opened url http://localhost:8032/MyMovie/admin.php/Login/index.html
[INFO ] 2018-11-22 19:53:01,141 com.webtest.utils.Log - Opened url ERROR
[INFO ] 2018-11-22 19:53:02,080 com.webtest.utils.Log - Quitted Browser
[INFO ] 2018-11-23 08:10:43,664 com.webtest.utils.Log - Using Firefox
[INFO ] 2018-11-23 08:10:43,773 com.webtest.utils.Log - firefox
[INFO ] 2018-11-23 08:10:47,317 com.webtest.utils.Log - Opened url http://localhost:8032/MyMovie/admin.php/Login/index.html
[INFO ] 2018-11-23 08:10:47,319 com.webtest.utils.Log - Opened url ERROR
[INFO ] 2018-11-23 08:10:51,596 com.webtest.utils.Log - Opened url http://localhost:8032/MyMovie/admin.php/Login/index.html
[INFO ] 2018-11-23 08:10:51,597 com.webtest.utils.Log - Opened url ERROR
[ERROR] 2018-11-23 08:10:51,932 com.webtest.utils.Log - com.webtest.demo.Admin_Login@4d1b0d2a-testloginfail运行失败，需要截屏
[ERROR] 2018-11-23 08:10:52,090 com.webtest.utils.Log - com.webtest.demo.Admin_Login@4d1b0d2a-testloginfail运行失败，发送邮件
[INFO ] 2018-11-23 08:11:12,694 com.webtest.utils.Log - Quitted Browser
[INFO ] 2018-11-23 08:11:16,540 com.webtest.utils.Log - Using Firefox
[INFO ] 2018-11-23 08:11:16,574 com.webtest.utils.Log - firefox
[INFO ] 2018-11-23 08:11:19,770 com.webtest.utils.Log - Opened url http://localhost:8032/MyMoviehttp://localhost:8032/mymovie/
[INFO ] 2018-11-23 08:11:19,770 com.webtest.utils.Log - Opened url ERROR
[INFO ] 2018-11-23 08:11:19,868 com.webtest.utils.Log - org.openqa.selenium.NoSuchElementException: Unable to locate element: 登录
For documentation on this error, please visit: http://seleniumhq.org/exceptions/no_such_element.html
Build info: version: '3.6.0', revision: '6fbf3ec767', time: '2017-09-27T16:15:40.131Z'
System info: host: 'WHATQ', ip: '169.254.144.88', os.name: 'Windows 10', os.arch: 'amd64', os.version: '10.0', java.version: '1.8.0_191'
Driver info: org.openqa.selenium.firefox.FirefoxDriver
Capabilities [{moz:profile=C:\Users\60132\AppData\Local\Temp\rust_mozprofile.McVDMzP5tyiU, rotatable=false, timeouts={implicit=0, pageLoad=300000, script=30000}, pageLoadStrategy=normal, moz:headless=false, platform=XP, specificationLevel=0, moz:accessibilityChecks=false, acceptInsecureCerts=true, browserVersion=56.0, platformVersion=10.0, moz:processID=11592, browserName=firefox, javascriptEnabled=true, platformName=XP}]
Session ID: a69755e9-f2a9-4ea7-a12f-236966242d97
*** Element info: {Using=link text, value=登录}
[INFO ] 2018-11-23 08:11:19,883 com.webtest.utils.Log - org.openqa.selenium.NoSuchElementException: Unable to locate element: *[name='username']
For documentation on this error, please visit: http://seleniumhq.org/exceptions/no_such_element.html
Build info: version: '3.6.0', revision: '6fbf3ec767', time: '2017-09-27T16:15:40.131Z'
System info: host: 'WHATQ', ip: '169.254.144.88', os.name: 'Windows 10', os.arch: 'amd64', os.version: '10.0', java.version: '1.8.0_191'
Driver info: org.openqa.selenium.firefox.FirefoxDriver
Capabilities [{moz:profile=C:\Users\60132\AppData\Local\Temp\rust_mozprofile.McVDMzP5tyiU, rotatable=false, timeouts={implicit=0, pageLoad=300000, script=30000}, pageLoadStrategy=normal, moz:headless=false, platform=XP, specificationLevel=0, moz:accessibilityChecks=false, acceptInsecureCerts=true, browserVersion=56.0, platformVersion=10.0, moz:processID=11592, browserName=firefox, javascriptEnabled=true, platformName=XP}]
Session ID: a69755e9-f2a9-4ea7-a12f-236966242d97
*** Element info: {Using=name, value=username}
[INFO ] 2018-11-23 08:11:19,895 com.webtest.utils.Log - org.openqa.selenium.NoSuchElementException: Unable to locate element: *[name='password']
For documentation on this error, please visit: http://seleniumhq.org/exceptions/no_such_element.html
Build info: version: '3.6.0', revision: '6fbf3ec767', time: '2017-09-27T16:15:40.131Z'
System info: host: 'WHATQ', ip: '169.254.144.88', os.name: 'Windows 10', os.arch: 'amd64', os.version: '10.0', java.version: '1.8.0_191'
Driver info: org.openqa.selenium.firefox.FirefoxDriver
Capabilities [{moz:profile=C:\Users\60132\AppData\Local\Temp\rust_mozprofile.McVDMzP5tyiU, rotatable=false, timeouts={implicit=0, pageLoad=300000, script=30000}, pageLoadStrategy=normal, moz:headless=false, platform=XP, specificationLevel=0, moz:accessibilityChecks=false, acceptInsecureCerts=true, browserVersion=56.0, platformVersion=10.0, moz:processID=11592, browserName=firefox, javascriptEnabled=true, platformName=XP}]
Session ID: a69755e9-f2a9-4ea7-a12f-236966242d97
*** Element info: {Using=name, value=password}
[INFO ] 2018-11-23 08:11:19,905 com.webtest.utils.Log - org.openqa.selenium.NoSuchElementException: Unable to locate element: //input[@value='马上登录']
For documentation on this error, please visit: http://seleniumhq.org/exceptions/no_such_element.html
Build info: version: '3.6.0', revision: '6fbf3ec767', time: '2017-09-27T16:15:40.131Z'
System info: host: 'WHATQ', ip: '169.254.144.88', os.name: 'Windows 10', os.arch: 'amd64', os.version: '10.0', java.version: '1.8.0_191'
Driver info: org.openqa.selenium.firefox.FirefoxDriver
Capabilities [{moz:profile=C:\Users\60132\AppData\Local\Temp\rust_mozprofile.McVDMzP5tyiU, rotatable=false, timeouts={implicit=0, pageLoad=300000, script=30000}, pageLoadStrategy=normal, moz:headless=false, platform=XP, specificationLevel=0, moz:accessibilityChecks=false, acceptInsecureCerts=true, browserVersion=56.0, platformVersion=10.0, moz:processID=11592, browserName=firefox, javascriptEnabled=true, platformName=XP}]
Session ID: a69755e9-f2a9-4ea7-a12f-236966242d97
*** Element info: {Using=xpath, value=//input[@value='马上登录']}
[ERROR] 2018-11-23 08:11:19,923 com.webtest.utils.Log - com.webtest.demo.Front_Login_Test@954b04f-testLogin运行失败，需要截屏
[ERROR] 2018-11-23 08:11:19,955 com.webtest.utils.Log - com.webtest.demo.Front_Login_Test@954b04f-testLogin运行失败，发送邮件
[INFO ] 2018-11-23 08:11:41,297 com.webtest.utils.Log - Opened url http://localhost:8032/MyMoviehttp://localhost:8032/mymovie/
[INFO ] 2018-11-23 08:11:41,298 com.webtest.utils.Log - Opened url ERROR
[INFO ] 2018-11-23 08:11:41,312 com.webtest.utils.Log - org.openqa.selenium.NoSuchElementException: Unable to locate element: 登录
For documentation on this error, please visit: http://seleniumhq.org/exceptions/no_such_element.html
Build info: version: '3.6.0', revision: '6fbf3ec767', time: '2017-09-27T16:15:40.131Z'
System info: host: 'WHATQ', ip: '169.254.144.88', os.name: 'Windows 10', os.arch: 'amd64', os.version: '10.0', java.version: '1.8.0_191'
Driver info: org.openqa.selenium.firefox.FirefoxDriver
Capabilities [{moz:profile=C:\Users\60132\AppData\Local\Temp\rust_mozprofile.McVDMzP5tyiU, rotatable=false, timeouts={implicit=0, pageLoad=300000, script=30000}, pageLoadStrategy=normal, moz:headless=false, platform=XP, specificationLevel=0, moz:accessibilityChecks=false, acceptInsecureCerts=true, browserVersion=56.0, platformVersion=10.0, moz:processID=11592, browserName=firefox, javascriptEnabled=true, platformName=XP}]
Session ID: a69755e9-f2a9-4ea7-a12f-236966242d97
*** Element info: {Using=link text, value=登录}
[INFO ] 2018-11-23 08:11:41,325 com.webtest.utils.Log - org.openqa.selenium.NoSuchElementException: Unable to locate element: *[name='username']
For documentation on this error, please visit: http://seleniumhq.org/exceptions/no_such_element.html
Build info: version: '3.6.0', revision: '6fbf3ec767', time: '2017-09-27T16:15:40.131Z'
System info: host: 'WHATQ', ip: '169.254.144.88', os.name: 'Windows 10', os.arch: 'amd64', os.version: '10.0', java.version: '1.8.0_191'
Driver info: org.openqa.selenium.firefox.FirefoxDriver
Capabilities [{moz:profile=C:\Users\60132\AppData\Local\Temp\rust_mozprofile.McVDMzP5tyiU, rotatable=false, timeouts={implicit=0, pageLoad=300000, script=30000}, pageLoadStrategy=normal, moz:headless=false, platform=XP, specificationLevel=0, moz:accessibilityChecks=false, acceptInsecureCerts=true, browserVersion=56.0, platformVersion=10.0, moz:processID=11592, browserName=firefox, javascriptEnabled=true, platformName=XP}]
Session ID: a69755e9-f2a9-4ea7-a12f-236966242d97
*** Element info: {Using=name, value=username}
[INFO ] 2018-11-23 08:11:41,339 com.webtest.utils.Log - org.openqa.selenium.NoSuchElementException: Unable to locate element: *[name='password']
For documentation on this error, please visit: http://seleniumhq.org/exceptions/no_such_element.html
Build info: version: '3.6.0', revision: '6fbf3ec767', time: '2017-09-27T16:15:40.131Z'
System info: host: 'WHATQ', ip: '169.254.144.88', os.name: 'Windows 10', os.arch: 'amd64', os.version: '10.0', java.version: '1.8.0_191'
Driver info: org.openqa.selenium.firefox.FirefoxDriver
Capabilities [{moz:profile=C:\Users\60132\AppData\Local\Temp\rust_mozprofile.McVDMzP5tyiU, rotatable=false, timeouts={implicit=0, pageLoad=300000, script=30000}, pageLoadStrategy=normal, moz:headless=false, platform=XP, specificationLevel=0, moz:accessibilityChecks=false, acceptInsecureCerts=true, browserVersion=56.0, platformVersion=10.0, moz:processID=11592, browserName=firefox, javascriptEnabled=true, platformName=XP}]
Session ID: a69755e9-f2a9-4ea7-a12f-236966242d97
*** Element info: {Using=name, value=password}
[INFO ] 2018-11-23 08:11:41,350 com.webtest.utils.Log - org.openqa.selenium.NoSuchElementException: Unable to locate element: //input[@value='马上登录']
For documentation on this error, please visit: http://seleniumhq.org/exceptions/no_such_element.html
Build info: version: '3.6.0', revision: '6fbf3ec767', time: '2017-09-27T16:15:40.131Z'
System info: host: 'WHATQ', ip: '169.254.144.88', os.name: 'Windows 10', os.arch: 'amd64', os.version: '10.0', java.version: '1.8.0_191'
Driver info: org.openqa.selenium.firefox.FirefoxDriver
Capabilities [{moz:profile=C:\Users\60132\AppData\Local\Temp\rust_mozprofile.McVDMzP5tyiU, rotatable=false, timeouts={implicit=0, pageLoad=300000, script=30000}, pageLoadStrategy=normal, moz:headless=false, platform=XP, specificationLevel=0, moz:accessibilityChecks=false, acceptInsecureCerts=true, browserVersion=56.0, platformVersion=10.0, moz:processID=11592, browserName=firefox, javascriptEnabled=true, platformName=XP}]
Session ID: a69755e9-f2a9-4ea7-a12f-236966242d97
*** Element info: {Using=xpath, value=//input[@value='马上登录']}
[ERROR] 2018-11-23 08:11:41,365 com.webtest.utils.Log - com.webtest.demo.Front_Login_Test@954b04f-testfail运行失败，需要截屏
[ERROR] 2018-11-23 08:11:41,401 com.webtest.utils.Log - com.webtest.demo.Front_Login_Test@954b04f-testfail运行失败，发送邮件
[INFO ] 2018-11-23 08:12:00,248 com.webtest.utils.Log - Quitted Browser
