<?xml version="1.0" encoding="UTF-8"?>
<!-- Generated by org.testng.reporters.JUnitReportReporter -->
<testsuite hostname="DESKTOP-K6529DD" failures="0" tests="1" name="com.edu.test.SkuList_Demo" time="0.340" errors="1" timestamp="29 10æœˆ 2018 13:42:30 GMT" skipped="0">
  <testcase classname="com.edu.test.SkuList_Demo" name="skulist4" time="0.340">
    <error message="Illegal character in query at index 56: http://study-perf.qa.netease.com/common/skuList?goodsId=&quot;1&quot;" type="java.lang.IllegalArgumentException">
      <![CDATA[java.lang.IllegalArgumentException: Illegal character in query at index 56: http://study-perf.qa.netease.com/common/skuList?goodsId="1"
at java.base/java.net.URI.create(URI.java:881)
at org.apache.http.client.methods.HttpGet.<init>(HttpGet.java:66)
at com.edu.corn.HttpDriver.doGet(HttpDriver.java:56)
at com.edu.test.SkuList_Demo.skulist(SkuList_Demo.java:27)
at com.edu.test.SkuList_Demo.skulist4(SkuList_Demo.java:50)
at java.base/jdk.internal.reflect.NativeMethodAccessorImpl.invoke0(Native Method)
at java.base/jdk.internal.reflect.NativeMethodAccessorImpl.invoke(NativeMethodAccessorImpl.java:62)
at java.base/jdk.internal.reflect.DelegatingMethodAccessorImpl.invoke(DelegatingMethodAccessorImpl.java:43)
at java.base/java.lang.reflect.Method.invoke(Method.java:564)
at org.testng.internal.MethodInvocationHelper.invokeMethod(MethodInvocationHelper.java:124)
at org.testng.internal.Invoker.invokeMethod(Invoker.java:580)
at org.testng.internal.Invoker.invokeTestMethod(Invoker.java:716)
at org.testng.internal.Invoker.invokeTestMethods(Invoker.java:988)
at org.testng.internal.TestMethodWorker.invokeTestMethods(TestMethodWorker.java:125)
at org.testng.internal.TestMethodWorker.run(TestMethodWorker.java:109)
at org.testng.TestRunner.privateRun(TestRunner.java:648)
at org.testng.TestRunner.run(TestRunner.java:505)
at org.testng.SuiteRunner.runTest(SuiteRunner.java:455)
at org.testng.SuiteRunner.runSequentially(SuiteRunner.java:450)
at org.testng.SuiteRunner.privateRun(SuiteRunner.java:415)
at org.testng.SuiteRunner.run(SuiteRunner.java:364)
at org.testng.SuiteRunnerWorker.runSuite(SuiteRunnerWorker.java:52)
at org.testng.SuiteRunnerWorker.run(SuiteRunnerWorker.java:84)
at org.testng.TestNG.runSuitesSequentially(TestNG.java:1208)
at org.testng.TestNG.runSuitesLocally(TestNG.java:1137)
at org.testng.TestNG.runSuites(TestNG.java:1049)
at org.testng.TestNG.run(TestNG.java:1017)
at org.testng.remote.AbstractRemoteTestNG.run(AbstractRemoteTestNG.java:114)
at org.testng.remote.RemoteTestNG.initAndRun(RemoteTestNG.java:251)
at org.testng.remote.RemoteTestNG.main(RemoteTestNG.java:77)
Caused by: java.net.URISyntaxException: Illegal character in query at index 56: http://study-perf.qa.netease.com/common/skuList?goodsId="1"
at java.base/java.net.URI$Parser.fail(URI.java:2912)
at java.base/java.net.URI$Parser.checkChars(URI.java:3083)
at java.base/java.net.URI$Parser.parseHierarchical(URI.java:3171)
at java.base/java.net.URI$Parser.parse(URI.java:3113)
at java.base/java.net.URI.<init>(URI.java:598)
at java.base/java.net.URI.create(URI.java:879)
... 29 more
]]>
    </error>
  </testcase> <!-- skulist4 -->
</testsuite> <!-- com.edu.test.SkuList_Demo -->
