<?xml version="1.0" encoding="utf-8" ?>
<!DOCTYPE html PUBLIC "-//W3C//DTD XHTML 1.0 Strict//EN"
        "http://www.w3.org/TR/xhtml1/DTD/xhtml1-strict.dtd">
<html xmlns="http://www.w3.org/1999/xhtml" xml:lang="" lang="">
<head>
  <title>TestReport - 网易青果接口测试</title>
  <meta http-equiv="Content-Type" content="text/html;charset=utf-8" />
  <meta name="description" content="TestNG unit test results." />
  <link href="reportng.css" rel="stylesheet" type="text/css" />
    <script type="text/javascript" src="reportng.js"></script>
  <script type="text/javascript" src="https://cdn.bootcss.com/jquery/2.1.1/jquery.min.js"></script>
</head>
<body>
<h1>网易青果接口测试</h1>
<p>
  测试耗时: 12.497s
</p>



  <table class="resultsTable">
    <tr><th colspan="5" class="header failed">失败的测试用例</th></tr>
          <tr>
         <td colspan="1" class="group">com.edu.test.AddAddress_Test</td>
          <td colspan="1" class="group">耗时</td>
          <td colspan="1" class="group">日志</td>
          <td colspan="1" class="group">Screen Shot</td>
      </tr>
            
<tr>
  <td class="method">
                  <span class="description">addAddressSuccess (添加地址成功)</span>
      </td>
  <td class="duration">
    0.184s
  </td>
  <td class="result">
        
    
        

        <a href="javascript:toggleElement('exception-0', 'block')" title="Click to expand/collapse"><b>java.lang.AssertionError: expected [success] but found [最多只能添加6个地址]</b></a><br />
    <div class="stackTrace" id="exception-0">
              org.testng.Assert.fail(Assert.java:96)<br />
              org.testng.Assert.failNotEquals(Assert.java:776)<br />
              org.testng.Assert.assertEqualsImpl(Assert.java:137)<br />
              org.testng.Assert.assertEquals(Assert.java:118)<br />
              org.testng.Assert.assertEquals(Assert.java:453)<br />
              org.testng.Assert.assertEquals(Assert.java:463)<br />
              com.edu.test.AddAddress_Test.assertion(AddAddress_Test.java:23)<br />
              com.edu.test.AddAddress_Test.addAddressSuccess(AddAddress_Test.java:40)<br />
              java.base/jdk.internal.reflect.NativeMethodAccessorImpl.invoke0(Native Method)<br />
              java.base/jdk.internal.reflect.NativeMethodAccessorImpl.invoke(NativeMethodAccessorImpl.java:62)<br />
              java.base/jdk.internal.reflect.DelegatingMethodAccessorImpl.invoke(DelegatingMethodAccessorImpl.java:43)<br />
              java.base/java.lang.reflect.Method.invoke(Method.java:564)<br />
              org.testng.internal.MethodInvocationHelper.invokeMethod(MethodInvocationHelper.java:124)<br />
              org.testng.internal.Invoker.invokeMethod(Invoker.java:580)<br />
              org.testng.internal.Invoker.invokeTestMethod(Invoker.java:716)<br />
              org.testng.internal.Invoker.invokeTestMethods(Invoker.java:988)<br />
              org.testng.internal.TestMethodWorker.invokeTestMethods(TestMethodWorker.java:125)<br />
              org.testng.internal.TestMethodWorker.run(TestMethodWorker.java:109)<br />
              org.testng.TestRunner.privateRun(TestRunner.java:648)<br />
              org.testng.TestRunner.run(TestRunner.java:505)<br />
              org.testng.SuiteRunner.runTest(SuiteRunner.java:455)<br />
              org.testng.SuiteRunner.runSequentially(SuiteRunner.java:450)<br />
              org.testng.SuiteRunner.privateRun(SuiteRunner.java:415)<br />
              org.testng.SuiteRunner.run(SuiteRunner.java:364)<br />
              org.testng.SuiteRunnerWorker.runSuite(SuiteRunnerWorker.java:52)<br />
              org.testng.SuiteRunnerWorker.run(SuiteRunnerWorker.java:84)<br />
              org.testng.TestNG.runSuitesSequentially(TestNG.java:1208)<br />
              org.testng.TestNG.runSuitesLocally(TestNG.java:1137)<br />
              org.testng.TestNG.runSuites(TestNG.java:1049)<br />
              org.testng.TestNG.run(TestNG.java:1017)<br />
              org.testng.remote.AbstractRemoteTestNG.run(AbstractRemoteTestNG.java:114)<br />
              org.testng.remote.RemoteTestNG.initAndRun(RemoteTestNG.java:251)<br />
              org.testng.remote.RemoteTestNG.main(RemoteTestNG.java:77)<br />
                </div>
      </td>
  <td class="screenshot">
              </td>
</tr>
          <tr>
         <td colspan="1" class="group">com.edu.test.Get_Transport_Fee_Test</td>
          <td colspan="1" class="group">耗时</td>
          <td colspan="1" class="group">日志</td>
          <td colspan="1" class="group">Screen Shot</td>
      </tr>
            
<tr>
  <td class="method">
                  <span class="description">addressDetailError (登录失败，addressDetail参数类型不正确)</span>
      </td>
  <td class="duration">
    0.081s
  </td>
  <td class="result">
        
    
        

        <a href="javascript:toggleElement('exception-1', 'block')" title="Click to expand/collapse"><b>java.lang.AssertionError: expected [请求失败] but found [success]</b></a><br />
    <div class="stackTrace" id="exception-1">
              org.testng.Assert.fail(Assert.java:96)<br />
              org.testng.Assert.failNotEquals(Assert.java:776)<br />
              org.testng.Assert.assertEqualsImpl(Assert.java:137)<br />
              org.testng.Assert.assertEquals(Assert.java:118)<br />
              org.testng.Assert.assertEquals(Assert.java:453)<br />
              org.testng.Assert.assertEquals(Assert.java:463)<br />
              com.edu.test.AssertTest.assertMessageEquels(AssertTest.java:11)<br />
              com.edu.test.Get_Transport_Fee_Test.addressDetailError(Get_Transport_Fee_Test.java:63)<br />
              java.base/jdk.internal.reflect.NativeMethodAccessorImpl.invoke0(Native Method)<br />
              java.base/jdk.internal.reflect.NativeMethodAccessorImpl.invoke(NativeMethodAccessorImpl.java:62)<br />
              java.base/jdk.internal.reflect.DelegatingMethodAccessorImpl.invoke(DelegatingMethodAccessorImpl.java:43)<br />
              java.base/java.lang.reflect.Method.invoke(Method.java:564)<br />
              org.testng.internal.MethodInvocationHelper.invokeMethod(MethodInvocationHelper.java:124)<br />
              org.testng.internal.Invoker.invokeMethod(Invoker.java:580)<br />
              org.testng.internal.Invoker.invokeTestMethod(Invoker.java:716)<br />
              org.testng.internal.Invoker.invokeTestMethods(Invoker.java:988)<br />
              org.testng.internal.TestMethodWorker.invokeTestMethods(TestMethodWorker.java:125)<br />
              org.testng.internal.TestMethodWorker.run(TestMethodWorker.java:109)<br />
              org.testng.TestRunner.privateRun(TestRunner.java:648)<br />
              org.testng.TestRunner.run(TestRunner.java:505)<br />
              org.testng.SuiteRunner.runTest(SuiteRunner.java:455)<br />
              org.testng.SuiteRunner.runSequentially(SuiteRunner.java:450)<br />
              org.testng.SuiteRunner.privateRun(SuiteRunner.java:415)<br />
              org.testng.SuiteRunner.run(SuiteRunner.java:364)<br />
              org.testng.SuiteRunnerWorker.runSuite(SuiteRunnerWorker.java:52)<br />
              org.testng.SuiteRunnerWorker.run(SuiteRunnerWorker.java:84)<br />
              org.testng.TestNG.runSuitesSequentially(TestNG.java:1208)<br />
              org.testng.TestNG.runSuitesLocally(TestNG.java:1137)<br />
              org.testng.TestNG.runSuites(TestNG.java:1049)<br />
              org.testng.TestNG.run(TestNG.java:1017)<br />
              org.testng.remote.AbstractRemoteTestNG.run(AbstractRemoteTestNG.java:114)<br />
              org.testng.remote.RemoteTestNG.initAndRun(RemoteTestNG.java:251)<br />
              org.testng.remote.RemoteTestNG.main(RemoteTestNG.java:77)<br />
                </div>
      </td>
  <td class="screenshot">
              </td>
</tr>
<tr>
  <td class="method">
                  <span class="description">lackAddressDetail (登录失败，缺少addressDetail参数)</span>
      </td>
  <td class="duration">
    0.084s
  </td>
  <td class="result">
        
    
        

        <a href="javascript:toggleElement('exception-2', 'block')" title="Click to expand/collapse"><b>java.lang.AssertionError: expected [请求失败] but found [success]</b></a><br />
    <div class="stackTrace" id="exception-2">
              org.testng.Assert.fail(Assert.java:96)<br />
              org.testng.Assert.failNotEquals(Assert.java:776)<br />
              org.testng.Assert.assertEqualsImpl(Assert.java:137)<br />
              org.testng.Assert.assertEquals(Assert.java:118)<br />
              org.testng.Assert.assertEquals(Assert.java:453)<br />
              org.testng.Assert.assertEquals(Assert.java:463)<br />
              com.edu.test.AssertTest.assertMessageEquels(AssertTest.java:11)<br />
              com.edu.test.Get_Transport_Fee_Test.lackAddressDetail(Get_Transport_Fee_Test.java:85)<br />
              java.base/jdk.internal.reflect.NativeMethodAccessorImpl.invoke0(Native Method)<br />
              java.base/jdk.internal.reflect.NativeMethodAccessorImpl.invoke(NativeMethodAccessorImpl.java:62)<br />
              java.base/jdk.internal.reflect.DelegatingMethodAccessorImpl.invoke(DelegatingMethodAccessorImpl.java:43)<br />
              java.base/java.lang.reflect.Method.invoke(Method.java:564)<br />
              org.testng.internal.MethodInvocationHelper.invokeMethod(MethodInvocationHelper.java:124)<br />
              org.testng.internal.Invoker.invokeMethod(Invoker.java:580)<br />
              org.testng.internal.Invoker.invokeTestMethod(Invoker.java:716)<br />
              org.testng.internal.Invoker.invokeTestMethods(Invoker.java:988)<br />
              org.testng.internal.TestMethodWorker.invokeTestMethods(TestMethodWorker.java:125)<br />
              org.testng.internal.TestMethodWorker.run(TestMethodWorker.java:109)<br />
              org.testng.TestRunner.privateRun(TestRunner.java:648)<br />
              org.testng.TestRunner.run(TestRunner.java:505)<br />
              org.testng.SuiteRunner.runTest(SuiteRunner.java:455)<br />
              org.testng.SuiteRunner.runSequentially(SuiteRunner.java:450)<br />
              org.testng.SuiteRunner.privateRun(SuiteRunner.java:415)<br />
              org.testng.SuiteRunner.run(SuiteRunner.java:364)<br />
              org.testng.SuiteRunnerWorker.runSuite(SuiteRunnerWorker.java:52)<br />
              org.testng.SuiteRunnerWorker.run(SuiteRunnerWorker.java:84)<br />
              org.testng.TestNG.runSuitesSequentially(TestNG.java:1208)<br />
              org.testng.TestNG.runSuitesLocally(TestNG.java:1137)<br />
              org.testng.TestNG.runSuites(TestNG.java:1049)<br />
              org.testng.TestNG.run(TestNG.java:1017)<br />
              org.testng.remote.AbstractRemoteTestNG.run(AbstractRemoteTestNG.java:114)<br />
              org.testng.remote.RemoteTestNG.initAndRun(RemoteTestNG.java:251)<br />
              org.testng.remote.RemoteTestNG.main(RemoteTestNG.java:77)<br />
                </div>
      </td>
  <td class="screenshot">
              </td>
</tr>
      </table>


  <table class="resultsTable">
    <tr><th colspan="5" class="header passed">通过的测试用例</th></tr>
          <tr>
        <td colspan="1" class="group">com.edu.test.AddAddress_Test</td>
          <td colspan="1" class="group">耗时</td>
          <td colspan="1" class="group">日志</td>
          <td colspan="1" class="group">Screen Shot</td>
      </tr>
            
<tr>
  <td class="method">
                  <span class="description">addAddressFail0 (添加地址失败，receiveName参数类型不正确)</span>
      </td>
  <td class="duration">
    0.178s
  </td>
  <td class="result">
        
    
        

      </td>
  <td class="screenshot">
              </td>
</tr>
<tr>
  <td class="method">
                  <span class="description">addAddressFail1 (添加地址失败，receiveName参数类型不正确)</span>
      </td>
  <td class="duration">
    0.187s
  </td>
  <td class="result">
        
    
        

      </td>
  <td class="screenshot">
              </td>
</tr>
<tr>
  <td class="method">
                  <span class="description">addAddressFail10 (添加地址失败，id参数非空)</span>
      </td>
  <td class="duration">
    0.218s
  </td>
  <td class="result">
        
    
        

      </td>
  <td class="screenshot">
              </td>
</tr>
<tr>
  <td class="method">
                  <span class="description">addAddressFail11 (添加地址失败，未登录)</span>
      </td>
  <td class="duration">
    0.092s
  </td>
  <td class="result">
        
    
        

      </td>
  <td class="screenshot">
              </td>
</tr>
<tr>
  <td class="method">
                  <span class="description">addAddressFail2 (添加地址失败，cellphone参数类型不正确)</span>
      </td>
  <td class="duration">
    0.176s
  </td>
  <td class="result">
        
    
        

      </td>
  <td class="screenshot">
              </td>
</tr>
<tr>
  <td class="method">
                  <span class="description">addAddressFail3 (添加地址失败，province参数类型不正确)</span>
      </td>
  <td class="duration">
    0.174s
  </td>
  <td class="result">
        
    
        

      </td>
  <td class="screenshot">
              </td>
</tr>
<tr>
  <td class="method">
                  <span class="description">addAddressFail4 (添加地址失败，city参数类型不正确)</span>
      </td>
  <td class="duration">
    0.181s
  </td>
  <td class="result">
        
    
        

      </td>
  <td class="screenshot">
              </td>
</tr>
<tr>
  <td class="method">
                  <span class="description">addAddressFail5 (添加地址失败，area参数类型不正确)</span>
      </td>
  <td class="duration">
    0.179s
  </td>
  <td class="result">
        
    
        

      </td>
  <td class="screenshot">
              </td>
</tr>
<tr>
  <td class="method">
                  <span class="description">addAddressFail6 (添加地址失败，缺少receiverName参数)</span>
      </td>
  <td class="duration">
    0.187s
  </td>
  <td class="result">
        
    
        

      </td>
  <td class="screenshot">
              </td>
</tr>
<tr>
  <td class="method">
                  <span class="description">addAddressFail7 (添加地址失败，缺少cellPhone参数)</span>
      </td>
  <td class="duration">
    0.179s
  </td>
  <td class="result">
        
    
        

      </td>
  <td class="screenshot">
              </td>
</tr>
<tr>
  <td class="method">
                  <span class="description">addAddressFail8 (添加地址失败，缺少province参数)</span>
      </td>
  <td class="duration">
    0.177s
  </td>
  <td class="result">
        
    
        

      </td>
  <td class="screenshot">
              </td>
</tr>
<tr>
  <td class="method">
                  <span class="description">addAddressFail9 (添加地址失败，province和city不匹配)</span>
      </td>
  <td class="duration">
    0.189s
  </td>
  <td class="result">
        
    
        

      </td>
  <td class="screenshot">
              </td>
</tr>
          <tr>
        <td colspan="1" class="group">com.edu.test.DeleteAddress_Test</td>
          <td colspan="1" class="group">耗时</td>
          <td colspan="1" class="group">日志</td>
          <td colspan="1" class="group">Screen Shot</td>
      </tr>
            
<tr>
  <td class="method">
                  <span class="description">deleteAddressFail0 (删除失败，id参数类型不正确)</span>
      </td>
  <td class="duration">
    0.165s
  </td>
  <td class="result">
        
    
        

      </td>
  <td class="screenshot">
              </td>
</tr>
<tr>
  <td class="method">
                  <span class="description">deleteAddressFail1 (删除失败，id参数不存在)</span>
      </td>
  <td class="duration">
    0.199s
  </td>
  <td class="result">
        
    
        

      </td>
  <td class="screenshot">
              </td>
</tr>
<tr>
  <td class="method">
                  <span class="description">deleteAddressFail2 (删除失败，缺少id参数)</span>
      </td>
  <td class="duration">
    0.167s
  </td>
  <td class="result">
        
    
        

      </td>
  <td class="screenshot">
              </td>
</tr>
<tr>
  <td class="method">
                  deleteAddressFail3
      </td>
  <td class="duration">
    0.269s
  </td>
  <td class="result">
        
    
        

      </td>
  <td class="screenshot">
              </td>
</tr>
<tr>
  <td class="method">
                  <span class="description">deleteSuccess (删除成功)</span>
      </td>
  <td class="duration">
    0.378s
  </td>
  <td class="result">
        
    
        

      </td>
  <td class="screenshot">
              </td>
</tr>
          <tr>
        <td colspan="1" class="group">com.edu.test.GetAddress_Test</td>
          <td colspan="1" class="group">耗时</td>
          <td colspan="1" class="group">日志</td>
          <td colspan="1" class="group">Screen Shot</td>
      </tr>
            
<tr>
  <td class="method">
                  <span class="description">ListFail (获取收获地址列表失败，用户未登录)</span>
      </td>
  <td class="duration">
    1.442s
  </td>
  <td class="result">
        
    
        

      </td>
  <td class="screenshot">
              </td>
</tr>
<tr>
  <td class="method">
                  <span class="description">ListSucccess (获取收获地址列表成功)</span>
      </td>
  <td class="duration">
    0.205s
  </td>
  <td class="result">
        
    
        

      </td>
  <td class="screenshot">
              </td>
</tr>
          <tr>
        <td colspan="1" class="group">com.edu.test.Get_Transport_Fee_Test</td>
          <td colspan="1" class="group">耗时</td>
          <td colspan="1" class="group">日志</td>
          <td colspan="1" class="group">Screen Shot</td>
      </tr>
            
<tr>
  <td class="method">
                  <span class="description">idError (登录失败，id参数类型不正确)</span>
      </td>
  <td class="duration">
    0.181s
  </td>
  <td class="result">
        
    
        

      </td>
  <td class="screenshot">
              </td>
</tr>
<tr>
  <td class="method">
                  <span class="description">lackID (登录失败，缺少id参数)</span>
      </td>
  <td class="duration">
    0.093s
  </td>
  <td class="result">
        
    
        

      </td>
  <td class="screenshot">
              </td>
</tr>
<tr>
  <td class="method">
                  <span class="description">success1 (获取运费成功)</span>
      </td>
  <td class="duration">
    0.085s
  </td>
  <td class="result">
        
    
        

      </td>
  <td class="screenshot">
              </td>
</tr>
<tr>
  <td class="method">
                  <span class="description">success2 (获取运费成功)</span>
      </td>
  <td class="duration">
    0.077s
  </td>
  <td class="result">
        
    
        

      </td>
  <td class="screenshot">
              </td>
</tr>
          <tr>
        <td colspan="1" class="group">com.edu.test.Login_Test</td>
          <td colspan="1" class="group">耗时</td>
          <td colspan="1" class="group">日志</td>
          <td colspan="1" class="group">Screen Shot</td>
      </tr>
            
<tr>
  <td class="method">
                  <span class="description">loginFail1 (鐧诲綍澶辫触锛宲honeArea鍙傛暟绫诲瀷涓嶆纭?)</span>
      </td>
  <td class="duration">
    0.596s
  </td>
  <td class="result">
        
    
        

      </td>
  <td class="screenshot">
              </td>
</tr>
<tr>
  <td class="method">
                  loginSuccess
      </td>
  <td class="duration">
    0.120s
  </td>
  <td class="result">
        
    
        

      </td>
  <td class="screenshot">
              </td>
</tr>
<tr>
  <td class="method">
                  <span class="description">loginfail2 (鐧诲綍澶辫触锛宲honeNumber鍙傛暟绫诲瀷涓嶆纭?)</span>
      </td>
  <td class="duration">
    0.089s
  </td>
  <td class="result">
        
    
        

      </td>
  <td class="screenshot">
              </td>
</tr>
<tr>
  <td class="method">
                  <span class="description">loginfail3 (鐧诲綍澶辫触锛宲assword鍙傛暟绫诲瀷涓嶆纭?)</span>
      </td>
  <td class="duration">
    0.090s
  </td>
  <td class="result">
        
    
        

      </td>
  <td class="screenshot">
              </td>
</tr>
<tr>
  <td class="method">
                  <span class="description">loginfail4 (鐧诲綍澶辫触锛岀己灏憄honeArea鍙傛暟)</span>
      </td>
  <td class="duration">
    0.082s
  </td>
  <td class="result">
        
    
        

      </td>
  <td class="screenshot">
              </td>
</tr>
<tr>
  <td class="method">
                  <span class="description">loginfail5 (鐧诲綍澶辫触锛岀己灏憄honeNumber鍙傛暟)</span>
      </td>
  <td class="duration">
    0.096s
  </td>
  <td class="result">
        
    
        

      </td>
  <td class="screenshot">
              </td>
</tr>
<tr>
  <td class="method">
                  <span class="description">loginfail6 (鐧诲綍澶辫触锛岀己灏憄assword鍙傛暟)</span>
      </td>
  <td class="duration">
    0.094s
  </td>
  <td class="result">
        
    
        

      </td>
  <td class="screenshot">
              </td>
</tr>
<tr>
  <td class="method">
                  <span class="description">loginfail7 (鐧诲綍澶辫触锛岀數璇濆彿鐮佽秴杩?11浣?)</span>
      </td>
  <td class="duration">
    0.084s
  </td>
  <td class="result">
        
    
        

      </td>
  <td class="screenshot">
              </td>
</tr>
<tr>
  <td class="method">
                  <span class="description">loginfail8 (鐧诲綍澶辫触锛屽瘑鐮侀敊璇?)</span>
      </td>
  <td class="duration">
    0.100s
  </td>
  <td class="result">
        
    
        

      </td>
  <td class="screenshot">
              </td>
</tr>
<tr>
  <td class="method">
                  <span class="description">loginfail9 (鐧诲綍澶辫触锛岀敤鎴蜂笉瀛樺湪)</span>
      </td>
  <td class="duration">
    0.098s
  </td>
  <td class="result">
        
    
        

      </td>
  <td class="screenshot">
              </td>
</tr>
          <tr>
        <td colspan="1" class="group">com.edu.test.Scene1_Test</td>
          <td colspan="1" class="group">耗时</td>
          <td colspan="1" class="group">日志</td>
          <td colspan="1" class="group">Screen Shot</td>
      </tr>
            
<tr>
  <td class="method">
                  scene1
      </td>
  <td class="duration">
    0.361s
  </td>
  <td class="result">
        
    
        

      </td>
  <td class="screenshot">
              </td>
</tr>
          <tr>
        <td colspan="1" class="group">com.edu.test.Scene2_Test</td>
          <td colspan="1" class="group">耗时</td>
          <td colspan="1" class="group">日志</td>
          <td colspan="1" class="group">Screen Shot</td>
      </tr>
            
<tr>
  <td class="method">
                  scene2
      </td>
  <td class="duration">
    0.387s
  </td>
  <td class="result">
        
    
        

      </td>
  <td class="screenshot">
              </td>
</tr>
          <tr>
        <td colspan="1" class="group">com.edu.test.Scene3_Test</td>
          <td colspan="1" class="group">耗时</td>
          <td colspan="1" class="group">日志</td>
          <td colspan="1" class="group">Screen Shot</td>
      </tr>
            
<tr>
  <td class="method">
                  scene3
      </td>
  <td class="duration">
    0.601s
  </td>
  <td class="result">
        
    
        

      </td>
  <td class="screenshot">
              </td>
</tr>
          <tr>
        <td colspan="1" class="group">com.edu.test.Scene4_Test</td>
          <td colspan="1" class="group">耗时</td>
          <td colspan="1" class="group">日志</td>
          <td colspan="1" class="group">Screen Shot</td>
      </tr>
            
<tr>
  <td class="method">
                  Scene4
      </td>
  <td class="duration">
    0.415s
  </td>
  <td class="result">
        
    
        

      </td>
  <td class="screenshot">
              </td>
</tr>
          <tr>
        <td colspan="1" class="group">com.edu.test.Scene5_Test</td>
          <td colspan="1" class="group">耗时</td>
          <td colspan="1" class="group">日志</td>
          <td colspan="1" class="group">Screen Shot</td>
      </tr>
            
<tr>
  <td class="method">
                  Scene5
      </td>
  <td class="duration">
    0.698s
  </td>
  <td class="result">
        
    
        

      </td>
  <td class="screenshot">
              </td>
</tr>
          <tr>
        <td colspan="1" class="group">com.edu.test.SkuList_Test</td>
          <td colspan="1" class="group">耗时</td>
          <td colspan="1" class="group">日志</td>
          <td colspan="1" class="group">Screen Shot</td>
      </tr>
            
<tr>
  <td class="method">
                  <span class="description">skulist1 (鑾峰彇鎵?鏈夊晢鍝佺殑sku鍒楄〃鎴愬姛)</span>
      </td>
  <td class="duration">
    0.095s
  </td>
  <td class="result">
        
    
        

      </td>
  <td class="screenshot">
              </td>
</tr>
<tr>
  <td class="method">
                  <span class="description">skulist2 (鑾峰彇goodsId=1鐨勫晢鍝乻ku淇℃伅鎴愬姛)</span>
      </td>
  <td class="duration">
    0.089s
  </td>
  <td class="result">
        
    
        

      </td>
  <td class="screenshot">
              </td>
</tr>
<tr>
  <td class="method">
                  <span class="description">skulist3 (鑾峰彇goodsId=2147483648鐨勫晢鍝乻ku淇℃伅澶辫触(瓒呰繃int鏈?澶у彇鍊艰寖鍥?))</span>
      </td>
  <td class="duration">
    0.093s
  </td>
  <td class="result">
        
    
        

      </td>
  <td class="screenshot">
              </td>
</tr>
<tr>
  <td class="method">
                  <span class="description">skulist4 (鑾峰彇goodsId涓嶅瓨鍦ㄧ殑鍟嗗搧澶辫触)</span>
      </td>
  <td class="duration">
    0.093s
  </td>
  <td class="result">
        
    
        

      </td>
  <td class="screenshot">
              </td>
</tr>
<tr>
  <td class="method">
                  <span class="description">skulist5 (goodsId绫诲瀷涓嶆纭?)</span>
      </td>
  <td class="duration">
    0.094s
  </td>
  <td class="result">
        
    
        

      </td>
  <td class="screenshot">
              </td>
</tr>
          <tr>
        <td colspan="1" class="group">com.edu.test.Submit_Test</td>
          <td colspan="1" class="group">耗时</td>
          <td colspan="1" class="group">日志</td>
          <td colspan="1" class="group">Screen Shot</td>
      </tr>
            
<tr>
  <td class="method">
                  <span class="description">addressNull (提交订单失败，未选择收货地址)</span>
      </td>
  <td class="duration">
    0.188s
  </td>
  <td class="result">
        
    
        

      </td>
  <td class="screenshot">
              </td>
</tr>
<tr>
  <td class="method">
                  <span class="description">billNull (提交订单失败，开发票，没有写发票抬头)</span>
      </td>
  <td class="duration">
    0.168s
  </td>
  <td class="result">
        
    
        

      </td>
  <td class="screenshot">
              </td>
</tr>
<tr>
  <td class="method">
                  <span class="description">commodityNull (提交订单失败，未购买商品)</span>
      </td>
  <td class="duration">
    0.169s
  </td>
  <td class="result">
        
    
        

      </td>
  <td class="screenshot">
              </td>
</tr>
<tr>
  <td class="method">
                  <span class="description">goodsIDNull (提交订单失败，缺少货物编号)</span>
      </td>
  <td class="duration">
    0.173s
  </td>
  <td class="result">
        
    
        

      </td>
  <td class="screenshot">
              </td>
</tr>
<tr>
  <td class="method">
                  <span class="description">skuIdsError (提交订单失败，货物编号类型不正确)</span>
      </td>
  <td class="duration">
    0.191s
  </td>
  <td class="result">
        
    
        

      </td>
  <td class="screenshot">
              </td>
</tr>
<tr>
  <td class="method">
                  <span class="description">skuIdsNull (提交订单失败，货物编号不存在)</span>
      </td>
  <td class="duration">
    0.161s
  </td>
  <td class="result">
        
    
        

      </td>
  <td class="screenshot">
              </td>
</tr>
<tr>
  <td class="method">
                  <span class="description">skuNumbersError1 (提交订单失败，要购买的货物个数类型不正确)</span>
      </td>
  <td class="duration">
    0.178s
  </td>
  <td class="result">
        
    
        

      </td>
  <td class="screenshot">
              </td>
</tr>
<tr>
  <td class="method">
                  <span class="description">skuNumbersError2 (提交订单失败，要购买的货物个数类型不正确)</span>
      </td>
  <td class="duration">
    0.172s
  </td>
  <td class="result">
        
    
        

      </td>
  <td class="screenshot">
              </td>
</tr>
<tr>
  <td class="method">
                  <span class="description">skuNumbersNull (提交订单失败，缺少要购买的货物个数)</span>
      </td>
  <td class="duration">
    0.161s
  </td>
  <td class="result">
        
    
        

      </td>
  <td class="screenshot">
              </td>
</tr>
<tr>
  <td class="method">
                  <span class="description">stockIdNull (提交订单失败，缺少库存批次ID)</span>
      </td>
  <td class="duration">
    0.175s
  </td>
  <td class="result">
        
    
        

      </td>
  <td class="screenshot">
              </td>
</tr>
<tr>
  <td class="method">
                  <span class="description">stockIdsError (提交订单失败，库存批次ID类型不正确)</span>
      </td>
  <td class="duration">
    0.168s
  </td>
  <td class="result">
        
    
        

      </td>
  <td class="screenshot">
              </td>
</tr>
<tr>
  <td class="method">
                  <span class="description">stockIdsNull (提交订单失败，库存批次ID不存在)</span>
      </td>
  <td class="duration">
    0.158s
  </td>
  <td class="result">
        
    
        

      </td>
  <td class="screenshot">
              </td>
</tr>
<tr>
  <td class="method">
                  <span class="description">success1 (提交订单成功)</span>
      </td>
  <td class="duration">
    0.167s
  </td>
  <td class="result">
        
    
        

      </td>
  <td class="screenshot">
              </td>
</tr>
<tr>
  <td class="method">
                  <span class="description">success2 (提交订单成功，并开发票)</span>
      </td>
  <td class="duration">
    0.166s
  </td>
  <td class="result">
        
    
        

      </td>
  <td class="screenshot">
              </td>
</tr>
      </table>

<script>  
    $(function(){  
        $(".pimg").click(function(){  
            var _this = $(this);//将当前的pimg元素作为_this传入函数  
            imgShow("#outerdiv", "#innerdiv", "#bigimg", _this);  
        });  
    });  
</script> 
<div id="outerdiv" style="position:fixed;top:0;left:0;background:rgba(0,0,0,0.7);z-index:2;width:100%;height:100%;display:none;"><div id="innerdiv" style="position:absolute;"><img id="bigimg" style="border:5px solid #fff;" src="" /></div></div> 
</body>
</html>
